<?xml version="1.0" encoding="UTF-8"?>
<coverage generated="1697838156777" clover="3.2.0">
  <project timestamp="1697838156778" name="All files">
    <metrics statements="19" coveredstatements="19" conditionals="6" coveredconditionals="6" methods="10" coveredmethods="10" elements="35" coveredelements="35" complexity="0" loc="19" ncloc="19" packages="1" files="2" classes="2"/>
    <file name="jwt.js" path="C:\Users\Sabrina\Documents\SabrinaMekbel\DEVfront\P9\bill-app\Back\services\jwt.js">
      <metrics statements="8" coveredstatements="8" conditionals="2" coveredconditionals="2" methods="4" coveredmethods="4"/>
      <line num="1" count="1" type="stmt"/>
      <line num="3" count="1" type="stmt"/>
      <line num="5" count="2" type="stmt"/>
      <line num="13" count="2" type="stmt"/>
      <line num="14" count="2" type="stmt"/>
      <line num="15" count="2" type="cond" truecount="2" falsecount="0"/>
      <line num="16" count="2" type="stmt"/>
      <line num="20" count="1" type="stmt"/>
    </file>
    <file name="password.js" path="C:\Users\Sabrina\Documents\SabrinaMekbel\DEVfront\P9\bill-app\Back\services\password.js">
      <metrics statements="11" coveredstatements="11" conditionals="4" coveredconditionals="4" methods="6" coveredmethods="6"/>
      <line num="1" count="1" type="stmt"/>
      <line num="3" count="1" type="stmt"/>
      <line num="5" count="2" type="stmt"/>
      <line num="6" count="2" type="stmt"/>
      <line num="7" count="2" type="cond" truecount="2" falsecount="0"/>
      <line num="8" count="2" type="stmt"/>
      <line num="12" count="3" type="stmt"/>
      <line num="13" count="3" type="stmt"/>
      <line num="14" count="3" type="cond" truecount="2" falsecount="0"/>
      <line num="15" count="3" type="stmt"/>
      <line num="19" count="1" type="stmt"/>
    </file>
  </project>
</coverage>
