TN:
SF:Back\services\jwt.js
FN:5,(anonymous_0)
FN:13,(anonymous_1)
FN:13,(anonymous_2)
FN:14,(anonymous_3)
FNF:4
FNH:4
FNDA:2,(anonymous_0)
FNDA:2,(anonymous_1)
FNDA:2,(anonymous_2)
FNDA:2,(anonymous_3)
DA:1,1
DA:3,1
DA:5,2
DA:13,2
DA:14,2
DA:15,2
DA:16,2
DA:20,1
LF:8
LH:8
BRDA:15,0,0,1
BRDA:15,0,1,1
BRF:2
BRH:2
end_of_record
TN:
SF:Back\services\password.js
FN:5,(anonymous_0)
FN:5,(anonymous_1)
FN:6,(anonymous_2)
FN:12,(anonymous_3)
FN:12,(anonymous_4)
FN:13,(anonymous_5)
FNF:6
FNH:6
FNDA:2,(anonymous_0)
FNDA:2,(anonymous_1)
FNDA:2,(anonymous_2)
FNDA:3,(anonymous_3)
FNDA:3,(anonymous_4)
FNDA:3,(anonymous_5)
DA:1,1
DA:3,1
DA:5,2
DA:6,2
DA:7,2
DA:8,2
DA:12,3
DA:13,3
DA:14,3
DA:15,3
DA:19,1
LF:11
LH:11
BRDA:7,0,0,1
BRDA:7,0,1,1
BRDA:14,1,0,1
BRDA:14,1,1,2
BRF:4
BRH:4
end_of_record
